[2023/12/12] [09:30 AM]: WIN Fortnite #123 (Alpha_Gamer)
[2023/12/12] [02:45 PM]: LOSE League of Legends #45 (BetaPlayer)
[2023/12/12] [07:15 PM]: WIN Valorant #123 (Alpha_Gamer)
[2023/12/13] [10:00 AM]: LOSE Fortnite #89 (DeltaPlayer)
[2023/12/13] [03:20 PM]: WIN Apex Legends #155 (EpsilonGamer)
[2023/12/13] [08:45 PM]: LOSE Minecraft (ZetaPlayer)
[2023/12/14] [11:10 AM]: WIN Counter-Strike (EtaGamer)
[2023/12/14] [04:55 PM]: LOSE Call of Duty #72 (Theta_Player)
[2023/12/14] [09:25 PM]: WIN Warframe #89 (DeltaPlayer)
[2023/12/15] [12:40 PM]: LOSE Fortnite (KappaPlayer)
[2023/12/15] [06:05 PM]: WIN Counter-Strike #177 (LambdaGamer)
[2023/12/15] [10:30 PM]: LOSE PUBG (RhoGamer)
[2023/12/16] [01:15 PM]: WIN Warframe #123 (Alpha_Gamer)
[2023/12/16] [07:50 PM]: LOSE Counter-Strike #188 (XiPlayer)
[2023/12/16] [11:55 PM]: WIN Fortnite 2 #89 (DeltaPlayer)
[2023/12/17] [02:25 PM]: LOSE The Witcher 3 #113 (PiPlayer)
[2023/12/17] [08:15 PM]: WIN Warframe (RhoGamer)
[2023/12/18] [12:20 PM]: LOSE NBA 2K22 (SigmaPlayer)
[2023/12/18] [05:40 PM]: WIN Red Dead Redemption 2 #45 (BetaPlayer)
[2023/12/18] [09:45 PM]: LOSE Cyberpunk 2077 (SigmaPlayer)